<?xml version="1.0" encoding="UTF-8"?>
<!-- Generated by org.testng.reporters.JUnitReportReporter -->
<testsuite hostname="pramod-Vivobook-Go-E1504FA-E1504FAB" failures="0" tests="1" name="tests.DemoQATest" time="10.638" errors="0" timestamp="2025-09-01T22:52:41 IST" skipped="0">
  <testcase classname="tests.DemoQATest" name="fillTextBoxForm" time="10.638"/>
</testsuite> <!-- tests.DemoQATest -->
